2017-03-28 18:01:27.194  INFO 15364 --- [main] org.live.LiveServerApplication           : Starting LiveServerApplication on wzc with PID 15364 (F:\IdeaProjects\live-server\target\classes started by wangzhancheng in F:\IdeaProjects\live-server)
2017-03-28 18:01:27.201  INFO 15364 --- [main] org.live.LiveServerApplication           : The following profiles are active: prod
2017-03-28 18:01:28.106  INFO 15364 --- [main] ationConfigEmbeddedWebApplicationContext : Refreshing org.springframework.boot.context.embedded.AnnotationConfigEmbeddedWebApplicationContext@24569dba: startup date [Tue Mar 28 18:01:28 CST 2017]; root of context hierarchy
2017-03-28 18:01:37.132  INFO 15364 --- [main] trationDelegate$BeanPostProcessorChecker : Bean 'shiroDataComponent' of type [org.live.config.dataComponent.ShiroDataComponent] is not eligible for getting processed by all BeanPostProcessors (for example: not eligible for auto-proxying)
2017-03-28 18:01:37.134  INFO 15364 --- [main] trationDelegate$BeanPostProcessorChecker : Bean 'shiroConfig' of type [org.live.config.ShiroConfig$$EnhancerBySpringCGLIB$$a9c1b0c1] is not eligible for getting processed by all BeanPostProcessors (for example: not eligible for auto-proxying)
2017-03-28 18:01:38.542  INFO 15364 --- [main] trationDelegate$BeanPostProcessorChecker : Bean 'shiroEhCacheManager' of type [org.apache.shiro.cache.ehcache.EhCacheManager] is not eligible for getting processed by all BeanPostProcessors (for example: not eligible for auto-proxying)
2017-03-28 18:01:38.544  INFO 15364 --- [main] o.a.shiro.cache.ehcache.EhCacheManager   : Using existing EHCache named [passwordRetryCache]
2017-03-28 18:01:38.595  INFO 15364 --- [main] trationDelegate$BeanPostProcessorChecker : Bean 'credentialsMatcher' of type [org.live.common.shiro.RetryLimitHashedCredentialsMatcher] is not eligible for getting processed by all BeanPostProcessors (for example: not eligible for auto-proxying)
2017-03-28 18:01:38.693  INFO 15364 --- [main] trationDelegate$BeanPostProcessorChecker : Bean 'sessionIdGenerator' of type [org.apache.shiro.session.mgt.eis.JavaUuidSessionIdGenerator] is not eligible for getting processed by all BeanPostProcessors (for example: not eligible for auto-proxying)
2017-03-28 18:01:38.739  INFO 15364 --- [main] trationDelegate$BeanPostProcessorChecker : Bean 'sessionDAO' of type [org.apache.shiro.session.mgt.eis.EnterpriseCacheSessionDAO] is not eligible for getting processed by all BeanPostProcessors (for example: not eligible for auto-proxying)
2017-03-28 18:01:38.742  INFO 15364 --- [main] org.live.config.ShiroConfig              : shiroConfig->shiroData->cookieName :sid
2017-03-28 18:01:38.764  INFO 15364 --- [main] trationDelegate$BeanPostProcessorChecker : Bean 'sessionIdCookie' of type [org.apache.shiro.web.servlet.SimpleCookie] is not eligible for getting processed by all BeanPostProcessors (for example: not eligible for auto-proxying)
2017-03-28 18:01:38.816  INFO 15364 --- [main] trationDelegate$BeanPostProcessorChecker : Bean 'sessionManager' of type [org.apache.shiro.web.session.mgt.DefaultWebSessionManager] is not eligible for getting processed by all BeanPostProcessors (for example: not eligible for auto-proxying)
2017-03-28 18:01:38.818  INFO 15364 --- [main] o.a.shiro.cache.ehcache.EhCacheManager   : Using existing EHCache named [authenticationCache]
2017-03-28 18:01:38.820  INFO 15364 --- [main] o.a.shiro.cache.ehcache.EhCacheManager   : Using existing EHCache named [authorizationCache]
2017-03-28 18:01:38.893  INFO 15364 --- [main] trationDelegate$BeanPostProcessorChecker : Bean 'securityManager' of type [org.apache.shiro.web.mgt.DefaultWebSecurityManager] is not eligible for getting processed by all BeanPostProcessors (for example: not eligible for auto-proxying)
2017-03-28 18:01:38.903  INFO 15364 --- [main] org.live.config.ShiroConfig              : shiroConfig->shiroData->loginUrl:/login
2017-03-28 18:01:38.903  INFO 15364 --- [main] org.live.config.ShiroConfig              : shiroConfig->shiroData->unauthorizedUrl:/unauthorized
2017-03-28 18:01:38.903  INFO 15364 --- [main] org.live.config.ShiroConfig              : shiroConfig->shiroData->successUrl:/main
2017-03-28 18:01:38.904  INFO 15364 --- [main] org.live.config.ShiroConfig              : shiro->filterchainDefinition--->:/static/**=anon
2017-03-28 18:01:38.905  INFO 15364 --- [main] org.live.config.ShiroConfig              : shiro->filterchainDefinition--->:druid/**=anon
2017-03-28 18:01:38.905  INFO 15364 --- [main] org.live.config.ShiroConfig              : shiro->filterchainDefinition--->:/login=anon
2017-03-28 18:01:38.905  INFO 15364 --- [main] org.live.config.ShiroConfig              : shiro->filterchainDefinition--->:/toLogin=anon
2017-03-28 18:01:38.905  INFO 15364 --- [main] org.live.config.ShiroConfig              : shiro->filterchainDefinition--->:/index=anon
2017-03-28 18:01:38.906  INFO 15364 --- [main] org.live.config.ShiroConfig              : shiro->filterchainDefinition--->:/ajaxlogin=anon
2017-03-28 18:01:38.906  INFO 15364 --- [main] org.live.config.ShiroConfig              : shiro->filterchainDefinition--->:/chat=anon
2017-03-28 18:01:38.906  INFO 15364 --- [main] org.live.config.ShiroConfig              : shiro->filterchainDefinition--->:/**=anon
2017-03-28 18:01:39.072  INFO 15364 --- [main] trationDelegate$BeanPostProcessorChecker : Bean 'jdbcDataComponent' of type [org.live.config.dataComponent.JdbcDataComponent] is not eligible for getting processed by all BeanPostProcessors (for example: not eligible for auto-proxying)
2017-03-28 18:01:39.115  INFO 15364 --- [main] trationDelegate$BeanPostProcessorChecker : Bean 'druidDataComponent' of type [org.live.config.dataComponent.DruidDataComponent] is not eligible for getting processed by all BeanPostProcessors (for example: not eligible for auto-proxying)
2017-03-28 18:01:39.116  INFO 15364 --- [main] trationDelegate$BeanPostProcessorChecker : Bean 'dataSourceConfig' of type [org.live.config.DataSourceConfig$$EnhancerBySpringCGLIB$$8ee3b65d] is not eligible for getting processed by all BeanPostProcessors (for example: not eligible for auto-proxying)
2017-03-28 18:01:39.128  INFO 15364 --- [main] org.live.config.DataSourceConfig         : jdbc-url->:jdbc:mysql://127.0.0.1:3306/liveServer?useUnicode=true&characterEncoding=utf-8
2017-03-28 18:01:39.130  INFO 15364 --- [main] org.live.config.DataSourceConfig         : jdbc-username->:root
2017-03-28 18:01:39.130  INFO 15364 --- [main] org.live.config.DataSourceConfig         : jdbc-pasword->:root
2017-03-28 18:01:39.130  INFO 15364 --- [main] org.live.config.DataSourceConfig         : jdbc-driverClassName->:com.mysql.jdbc.Driver
2017-03-28 18:01:39.130  INFO 15364 --- [main] org.live.config.DataSourceConfig         : druid-initialSize->30
2017-03-28 18:01:39.131  INFO 15364 --- [main] org.live.config.DataSourceConfig         : druid-MinIdle->50
2017-03-28 18:01:39.131  INFO 15364 --- [main] org.live.config.DataSourceConfig         : druid-MaxActive->300
2017-03-28 18:01:39.460  INFO 15364 --- [main] trationDelegate$BeanPostProcessorChecker : Bean 'druidDataSource' of type [com.alibaba.druid.pool.DruidDataSource] is not eligible for getting processed by all BeanPostProcessors (for example: not eligible for auto-proxying)
2017-03-28 18:01:39.549  INFO 15364 --- [main] trationDelegate$BeanPostProcessorChecker : Bean 'spring.jpa-org.springframework.boot.autoconfigure.orm.jpa.JpaProperties' of type [org.springframework.boot.autoconfigure.orm.jpa.JpaProperties] is not eligible for getting processed by all BeanPostProcessors (for example: not eligible for auto-proxying)
2017-03-28 18:01:39.617  INFO 15364 --- [main] trationDelegate$BeanPostProcessorChecker : Bean 'org.springframework.boot.autoconfigure.transaction.TransactionAutoConfiguration' of type [org.springframework.boot.autoconfigure.transaction.TransactionAutoConfiguration$$EnhancerBySpringCGLIB$$e887c87] is not eligible for getting processed by all BeanPostProcessors (for example: not eligible for auto-proxying)
2017-03-28 18:01:39.702  INFO 15364 --- [main] trationDelegate$BeanPostProcessorChecker : Bean 'spring.transaction-org.springframework.boot.autoconfigure.transaction.TransactionProperties' of type [org.springframework.boot.autoconfigure.transaction.TransactionProperties] is not eligible for getting processed by all BeanPostProcessors (for example: not eligible for auto-proxying)
2017-03-28 18:01:39.800  INFO 15364 --- [main] trationDelegate$BeanPostProcessorChecker : Bean 'platformTransactionManagerCustomizers' of type [org.springframework.boot.autoconfigure.transaction.TransactionManagerCustomizers] is not eligible for getting processed by all BeanPostProcessors (for example: not eligible for auto-proxying)
2017-03-28 18:01:40.017  INFO 15364 --- [main] trationDelegate$BeanPostProcessorChecker : Bean 'org.springframework.boot.autoconfigure.orm.jpa.HibernateJpaAutoConfiguration' of type [org.springframework.boot.autoconfigure.orm.jpa.HibernateJpaAutoConfiguration$$EnhancerBySpringCGLIB$$e39ae59d] is not eligible for getting processed by all BeanPostProcessors (for example: not eligible for auto-proxying)
2017-03-28 18:01:42.198  INFO 15364 --- [main] com.alibaba.druid.pool.DruidDataSource   : {dataSource-1} inited
2017-03-28 18:01:42.223  INFO 15364 --- [main] trationDelegate$BeanPostProcessorChecker : Bean 'jpaVendorAdapter' of type [org.springframework.orm.jpa.vendor.HibernateJpaVendorAdapter] is not eligible for getting processed by all BeanPostProcessors (for example: not eligible for auto-proxying)
2017-03-28 18:01:42.234  INFO 15364 --- [main] trationDelegate$BeanPostProcessorChecker : Bean 'entityManagerFactoryBuilder' of type [org.springframework.boot.orm.jpa.EntityManagerFactoryBuilder] is not eligible for getting processed by all BeanPostProcessors (for example: not eligible for auto-proxying)
2017-03-28 18:01:42.547  INFO 15364 --- [main] j.LocalContainerEntityManagerFactoryBean : Building JPA container EntityManagerFactory for persistence unit 'default'
2017-03-28 18:01:42.609  INFO 15364 --- [main] o.hibernate.jpa.internal.util.LogHelper  : HHH000204: Processing PersistenceUnitInfo [
	name: default
	...]
2017-03-28 18:01:42.971  INFO 15364 --- [main] org.hibernate.Version                    : HHH000412: Hibernate Core {5.0.12.Final}
2017-03-28 18:01:42.977  INFO 15364 --- [main] org.hibernate.cfg.Environment            : HHH000206: hibernate.properties not found
2017-03-28 18:01:42.983  INFO 15364 --- [main] org.hibernate.cfg.Environment            : HHH000021: Bytecode provider name : javassist
2017-03-28 18:01:43.181  INFO 15364 --- [main] o.hibernate.annotations.common.Version   : HCANN000001: Hibernate Commons Annotations {5.0.1.Final}
2017-03-28 18:01:43.969  INFO 15364 --- [main] org.hibernate.dialect.Dialect            : HHH000400: Using dialect: org.hibernate.dialect.MySQL5Dialect
2017-03-28 18:01:46.988  INFO 15364 --- [main] org.hibernate.tool.hbm2ddl.SchemaUpdate  : HHH000228: Running hbm2ddl schema update
2017-03-28 18:01:47.041  INFO 15364 --- [main] rmationExtractorJdbcDatabaseMetaDataImpl : HHH000262: Table not found: live_anchor
2017-03-28 18:01:47.045  INFO 15364 --- [main] rmationExtractorJdbcDatabaseMetaDataImpl : HHH000262: Table not found: live_anchor
2017-03-28 18:01:47.355  INFO 15364 --- [main] rmationExtractorJdbcDatabaseMetaDataImpl : HHH000262: Table not found: live_live_record
2017-03-28 18:01:47.356  INFO 15364 --- [main] rmationExtractorJdbcDatabaseMetaDataImpl : HHH000262: Table not found: live_live_record
2017-03-28 18:01:47.509  INFO 15364 --- [main] rmationExtractorJdbcDatabaseMetaDataImpl : HHH000262: Table not found: live_liveroom
2017-03-28 18:01:47.511  INFO 15364 --- [main] rmationExtractorJdbcDatabaseMetaDataImpl : HHH000262: Table not found: live_liveroom
2017-03-28 18:01:47.675  INFO 15364 --- [main] rmationExtractorJdbcDatabaseMetaDataImpl : HHH000262: Table not found: live_mobileuser
2017-03-28 18:01:47.677  INFO 15364 --- [main] rmationExtractorJdbcDatabaseMetaDataImpl : HHH000262: Table not found: live_mobileuser
2017-03-28 18:01:47.898  INFO 15364 --- [main] rmationExtractorJdbcDatabaseMetaDataImpl : HHH000262: Table not found: live_room_category
2017-03-28 18:01:47.899  INFO 15364 --- [main] rmationExtractorJdbcDatabaseMetaDataImpl : HHH000262: Table not found: live_room_category
2017-03-28 18:01:54.050  INFO 15364 --- [main] j.LocalContainerEntityManagerFactoryBean : Initialized JPA EntityManagerFactory for persistence unit 'default'
2017-03-28 18:01:54.090  INFO 15364 --- [main] trationDelegate$BeanPostProcessorChecker : Bean 'entityManagerFactory' of type [org.springframework.orm.jpa.LocalContainerEntityManagerFactoryBean] is not eligible for getting processed by all BeanPostProcessors (for example: not eligible for auto-proxying)
2017-03-28 18:01:54.091  INFO 15364 --- [main] trationDelegate$BeanPostProcessorChecker : Bean 'entityManagerFactory' of type [com.sun.proxy.$Proxy76] is not eligible for getting processed by all BeanPostProcessors (for example: not eligible for auto-proxying)
2017-03-28 18:01:54.117  INFO 15364 --- [main] trationDelegate$BeanPostProcessorChecker : Bean 'userRepositoryImpl' of type [org.live.sys.repository.UserRepositoryImpl] is not eligible for getting processed by all BeanPostProcessors (for example: not eligible for auto-proxying)
2017-03-28 18:01:54.221  INFO 15364 --- [main] trationDelegate$BeanPostProcessorChecker : Bean '(inner bean)#66e218d8' of type [org.springframework.beans.factory.config.PropertiesFactoryBean] is not eligible for getting processed by all BeanPostProcessors (for example: not eligible for auto-proxying)
2017-03-28 18:01:54.222  INFO 15364 --- [main] trationDelegate$BeanPostProcessorChecker : Bean '(inner bean)#66e218d8' of type [java.util.Properties] is not eligible for getting processed by all BeanPostProcessors (for example: not eligible for auto-proxying)
2017-03-28 18:01:54.236  INFO 15364 --- [main] trationDelegate$BeanPostProcessorChecker : Bean '(inner bean)#47c356e' of type [org.springframework.data.repository.core.support.PropertiesBasedNamedQueries] is not eligible for getting processed by all BeanPostProcessors (for example: not eligible for auto-proxying)
2017-03-28 18:01:54.259  INFO 15364 --- [main] trationDelegate$BeanPostProcessorChecker : Bean '(inner bean)#50e0b472' of type [org.springframework.data.repository.query.ExtensionAwareEvaluationContextProvider] is not eligible for getting processed by all BeanPostProcessors (for example: not eligible for auto-proxying)
2017-03-28 18:01:54.328  INFO 15364 --- [main] trationDelegate$BeanPostProcessorChecker : Bean '(inner bean)#4b360a82' of type [com.sun.proxy.$Proxy77] is not eligible for getting processed by all BeanPostProcessors (for example: not eligible for auto-proxying)
2017-03-28 18:01:55.849  INFO 15364 --- [main] trationDelegate$BeanPostProcessorChecker : Bean 'jpaMappingContext' of type [org.springframework.data.jpa.repository.config.JpaMetamodelMappingContextFactoryBean] is not eligible for getting processed by all BeanPostProcessors (for example: not eligible for auto-proxying)
2017-03-28 18:01:55.869  INFO 15364 --- [main] trationDelegate$BeanPostProcessorChecker : Bean 'jpaMappingContext' of type [org.springframework.data.jpa.mapping.JpaMetamodelMappingContext] is not eligible for getting processed by all BeanPostProcessors (for example: not eligible for auto-proxying)
2017-03-28 18:01:56.600  INFO 15364 --- [main] trationDelegate$BeanPostProcessorChecker : Bean 'userRepository' of type [org.springframework.data.jpa.repository.support.JpaRepositoryFactoryBean] is not eligible for getting processed by all BeanPostProcessors (for example: not eligible for auto-proxying)
2017-03-28 18:01:56.601  INFO 15364 --- [main] trationDelegate$BeanPostProcessorChecker : Bean 'userRepository' of type [com.sun.proxy.$Proxy80] is not eligible for getting processed by all BeanPostProcessors (for example: not eligible for auto-proxying)
2017-03-28 18:01:56.611  INFO 15364 --- [main] trationDelegate$BeanPostProcessorChecker : Bean 'roleRepositoryImpl' of type [org.live.sys.repository.RoleRepositoryImpl] is not eligible for getting processed by all BeanPostProcessors (for example: not eligible for auto-proxying)
2017-03-28 18:01:56.616  INFO 15364 --- [main] trationDelegate$BeanPostProcessorChecker : Bean '(inner bean)#7254a68a' of type [org.springframework.beans.factory.config.PropertiesFactoryBean] is not eligible for getting processed by all BeanPostProcessors (for example: not eligible for auto-proxying)
2017-03-28 18:01:56.617  INFO 15364 --- [main] trationDelegate$BeanPostProcessorChecker : Bean '(inner bean)#7254a68a' of type [java.util.Properties] is not eligible for getting processed by all BeanPostProcessors (for example: not eligible for auto-proxying)
2017-03-28 18:01:56.618  INFO 15364 --- [main] trationDelegate$BeanPostProcessorChecker : Bean '(inner bean)#6bcfb561' of type [org.springframework.data.repository.core.support.PropertiesBasedNamedQueries] is not eligible for getting processed by all BeanPostProcessors (for example: not eligible for auto-proxying)
2017-03-28 18:01:56.618  INFO 15364 --- [main] trationDelegate$BeanPostProcessorChecker : Bean '(inner bean)#77acc95a' of type [org.springframework.data.repository.query.ExtensionAwareEvaluationContextProvider] is not eligible for getting processed by all BeanPostProcessors (for example: not eligible for auto-proxying)
2017-03-28 18:01:56.625  INFO 15364 --- [main] trationDelegate$BeanPostProcessorChecker : Bean '(inner bean)#75c3584e' of type [com.sun.proxy.$Proxy77] is not eligible for getting processed by all BeanPostProcessors (for example: not eligible for auto-proxying)
2017-03-28 18:01:56.737  INFO 15364 --- [main] o.h.h.i.QueryTranslatorFactoryInitiator  : HHH000397: Using ASTQueryTranslatorFactory
2017-03-28 18:01:57.180  INFO 15364 --- [main] trationDelegate$BeanPostProcessorChecker : Bean 'roleRepository' of type [org.springframework.data.jpa.repository.support.JpaRepositoryFactoryBean] is not eligible for getting processed by all BeanPostProcessors (for example: not eligible for auto-proxying)
2017-03-28 18:01:57.181  INFO 15364 --- [main] trationDelegate$BeanPostProcessorChecker : Bean 'roleRepository' of type [com.sun.proxy.$Proxy84] is not eligible for getting processed by all BeanPostProcessors (for example: not eligible for auto-proxying)
2017-03-28 18:01:57.192  INFO 15364 --- [main] trationDelegate$BeanPostProcessorChecker : Bean 'groupRepositoryImpl' of type [org.live.sys.repository.GroupRepositoryImpl] is not eligible for getting processed by all BeanPostProcessors (for example: not eligible for auto-proxying)
2017-03-28 18:01:57.197  INFO 15364 --- [main] trationDelegate$BeanPostProcessorChecker : Bean '(inner bean)#451cef67' of type [org.springframework.beans.factory.config.PropertiesFactoryBean] is not eligible for getting processed by all BeanPostProcessors (for example: not eligible for auto-proxying)
2017-03-28 18:01:57.198  INFO 15364 --- [main] trationDelegate$BeanPostProcessorChecker : Bean '(inner bean)#451cef67' of type [java.util.Properties] is not eligible for getting processed by all BeanPostProcessors (for example: not eligible for auto-proxying)
2017-03-28 18:01:57.199  INFO 15364 --- [main] trationDelegate$BeanPostProcessorChecker : Bean '(inner bean)#2d527346' of type [org.springframework.data.repository.core.support.PropertiesBasedNamedQueries] is not eligible for getting processed by all BeanPostProcessors (for example: not eligible for auto-proxying)
2017-03-28 18:01:57.199  INFO 15364 --- [main] trationDelegate$BeanPostProcessorChecker : Bean '(inner bean)#391b03b' of type [org.springframework.data.repository.query.ExtensionAwareEvaluationContextProvider] is not eligible for getting processed by all BeanPostProcessors (for example: not eligible for auto-proxying)
2017-03-28 18:01:57.201  INFO 15364 --- [main] trationDelegate$BeanPostProcessorChecker : Bean '(inner bean)#41dc34c8' of type [com.sun.proxy.$Proxy77] is not eligible for getting processed by all BeanPostProcessors (for example: not eligible for auto-proxying)
2017-03-28 18:01:57.257  INFO 15364 --- [main] trationDelegate$BeanPostProcessorChecker : Bean 'groupRepository' of type [org.springframework.data.jpa.repository.support.JpaRepositoryFactoryBean] is not eligible for getting processed by all BeanPostProcessors (for example: not eligible for auto-proxying)
2017-03-28 18:01:57.258  INFO 15364 --- [main] trationDelegate$BeanPostProcessorChecker : Bean 'groupRepository' of type [com.sun.proxy.$Proxy85] is not eligible for getting processed by all BeanPostProcessors (for example: not eligible for auto-proxying)
2017-03-28 18:01:57.261  INFO 15364 --- [main] trationDelegate$BeanPostProcessorChecker : Bean '(inner bean)#3ca9d3b2' of type [org.springframework.beans.factory.config.PropertiesFactoryBean] is not eligible for getting processed by all BeanPostProcessors (for example: not eligible for auto-proxying)
2017-03-28 18:01:57.265  INFO 15364 --- [main] trationDelegate$BeanPostProcessorChecker : Bean '(inner bean)#3ca9d3b2' of type [java.util.Properties] is not eligible for getting processed by all BeanPostProcessors (for example: not eligible for auto-proxying)
2017-03-28 18:01:57.282  INFO 15364 --- [main] trationDelegate$BeanPostProcessorChecker : Bean '(inner bean)#37aea657' of type [org.springframework.data.repository.core.support.PropertiesBasedNamedQueries] is not eligible for getting processed by all BeanPostProcessors (for example: not eligible for auto-proxying)
2017-03-28 18:01:57.286  INFO 15364 --- [main] trationDelegate$BeanPostProcessorChecker : Bean '(inner bean)#1aebe759' of type [org.springframework.data.repository.query.ExtensionAwareEvaluationContextProvider] is not eligible for getting processed by all BeanPostProcessors (for example: not eligible for auto-proxying)
2017-03-28 18:01:57.293  INFO 15364 --- [main] trationDelegate$BeanPostProcessorChecker : Bean '(inner bean)#5dc7881d' of type [com.sun.proxy.$Proxy77] is not eligible for getting processed by all BeanPostProcessors (for example: not eligible for auto-proxying)
2017-03-28 18:01:57.374  INFO 15364 --- [main] trationDelegate$BeanPostProcessorChecker : Bean 'permissionRepository' of type [org.springframework.data.jpa.repository.support.JpaRepositoryFactoryBean] is not eligible for getting processed by all BeanPostProcessors (for example: not eligible for auto-proxying)
2017-03-28 18:01:57.375  INFO 15364 --- [main] trationDelegate$BeanPostProcessorChecker : Bean 'permissionRepository' of type [com.sun.proxy.$Proxy86] is not eligible for getting processed by all BeanPostProcessors (for example: not eligible for auto-proxying)
2017-03-28 18:01:57.379  INFO 15364 --- [main] trationDelegate$BeanPostProcessorChecker : Bean 'userServie' of type [org.live.sys.service.impl.UserServiceImpl] is not eligible for getting processed by all BeanPostProcessors (for example: not eligible for auto-proxying)
2017-03-28 18:01:57.381  INFO 15364 --- [main] trationDelegate$BeanPostProcessorChecker : Bean 'loginRealm' of type [org.live.common.shiro.LoginRealm] is not eligible for getting processed by all BeanPostProcessors (for example: not eligible for auto-proxying)
2017-03-28 18:01:57.598  INFO 15364 --- [main] trationDelegate$BeanPostProcessorChecker : Bean 'securityManager' of type [org.apache.shiro.web.mgt.DefaultWebSecurityManager] is not eligible for getting processed by all BeanPostProcessors (for example: not eligible for auto-proxying)
2017-03-28 18:01:57.620  INFO 15364 --- [main] trationDelegate$BeanPostProcessorChecker : Bean 'invokeSetSecurityManager' of type [org.springframework.beans.factory.config.MethodInvokingFactoryBean] is not eligible for getting processed by all BeanPostProcessors (for example: not eligible for auto-proxying)
2017-03-28 18:01:57.877  INFO 15364 --- [main] trationDelegate$BeanPostProcessorChecker : Bean 'authorizationAttributeSourceAdvisor' of type [org.apache.shiro.spring.security.interceptor.AuthorizationAttributeSourceAdvisor] is not eligible for getting processed by all BeanPostProcessors (for example: not eligible for auto-proxying)
2017-03-28 18:01:58.280  INFO 15364 --- [main] trationDelegate$BeanPostProcessorChecker : Bean 'org.springframework.transaction.annotation.ProxyTransactionManagementConfiguration' of type [org.springframework.transaction.annotation.ProxyTransactionManagementConfiguration$$EnhancerBySpringCGLIB$$7a14817d] is not eligible for getting processed by all BeanPostProcessors (for example: not eligible for auto-proxying)
2017-03-28 18:01:59.391  INFO 15364 --- [main] trationDelegate$BeanPostProcessorChecker : Bean 'org.springframework.cache.annotation.ProxyCachingConfiguration' of type [org.springframework.cache.annotation.ProxyCachingConfiguration$$EnhancerBySpringCGLIB$$c326b79b] is not eligible for getting processed by all BeanPostProcessors (for example: not eligible for auto-proxying)
2017-03-28 18:02:02.382  INFO 15364 --- [main] s.b.c.e.t.TomcatEmbeddedServletContainer : Tomcat initialized with port(s): 80 (http)
2017-03-28 18:02:02.420  INFO 15364 --- [main] o.apache.catalina.core.StandardService   : Starting service Tomcat
2017-03-28 18:02:02.424  INFO 15364 --- [main] org.apache.catalina.core.StandardEngine  : Starting Servlet Engine: Apache Tomcat/8.5.11
2017-03-28 18:02:03.081  INFO 15364 --- [localhost-startStop-1] o.a.c.c.C.[Tomcat].[localhost].[/]       : Initializing Spring embedded WebApplicationContext
2017-03-28 18:02:03.082  INFO 15364 --- [localhost-startStop-1] o.s.web.context.ContextLoader            : Root WebApplicationContext: initialization completed in 34982 ms
2017-03-28 18:02:04.491  INFO 15364 --- [localhost-startStop-1] org.live.config.ShiroConfig              : shiroConfig->shiroData->loginUrl:/login
2017-03-28 18:02:06.616  INFO 15364 --- [localhost-startStop-1] o.s.b.w.servlet.FilterRegistrationBean   : Mapping filter: 'metricsFilter' to: [/*]
2017-03-28 18:02:06.616  INFO 15364 --- [localhost-startStop-1] o.s.b.w.servlet.FilterRegistrationBean   : Mapping filter: 'characterEncodingFilter' to: [/*]
2017-03-28 18:02:06.617  INFO 15364 --- [localhost-startStop-1] o.s.b.w.servlet.FilterRegistrationBean   : Mapping filter: 'hiddenHttpMethodFilter' to: [/*]
2017-03-28 18:02:06.617  INFO 15364 --- [localhost-startStop-1] o.s.b.w.servlet.FilterRegistrationBean   : Mapping filter: 'httpPutFormContentFilter' to: [/*]
2017-03-28 18:02:06.617  INFO 15364 --- [localhost-startStop-1] o.s.b.w.servlet.FilterRegistrationBean   : Mapping filter: 'requestContextFilter' to: [/*]
2017-03-28 18:02:06.628  INFO 15364 --- [localhost-startStop-1] o.s.b.w.servlet.FilterRegistrationBean   : Mapping filter: 'webRequestLoggingFilter' to: [/*]
2017-03-28 18:02:06.630  INFO 15364 --- [localhost-startStop-1] o.s.b.w.servlet.FilterRegistrationBean   : Mapping filter: 'webStatFilter' to urls: [/*]
2017-03-28 18:02:06.630  INFO 15364 --- [localhost-startStop-1] o.s.b.w.servlet.FilterRegistrationBean   : Mapping filter: 'formAuthenticationFilter' to: [/*]
2017-03-28 18:02:06.632  INFO 15364 --- [localhost-startStop-1] o.s.b.w.servlet.FilterRegistrationBean   : Mapping filter: 'shiroFilter' to: [/*]
2017-03-28 18:02:06.632  INFO 15364 --- [localhost-startStop-1] o.s.b.w.servlet.FilterRegistrationBean   : Mapping filter: 'applicationContextIdFilter' to: [/*]
2017-03-28 18:02:06.633  INFO 15364 --- [localhost-startStop-1] o.s.b.w.servlet.ServletRegistrationBean  : Mapping servlet: 'statViewServlet' to [/druid/*]
2017-03-28 18:02:06.647  INFO 15364 --- [localhost-startStop-1] o.s.b.w.servlet.ServletRegistrationBean  : Mapping servlet: 'dispatcherServlet' to [/]
2017-03-28 18:02:06.931  INFO 15364 --- [main] o.l.common.support.ServletContextHolder  :  real project Directory --> C:\Users\wzc\AppData\Local\Temp\tomcat-docbase.672578234015780840.80\projectDir
2017-03-28 18:02:06.931  INFO 15364 --- [main] o.l.common.support.ServletContextHolder  :  real uploadFile Directory --> C:\Users\wzc\AppData\Local\Temp\tomcat-docbase.672578234015780840.80\projectDir\upload
2017-03-28 18:02:06.931  INFO 15364 --- [main] o.l.common.support.ServletContextHolder  :  system title --> 高校直播后台管理
2017-03-28 18:02:13.836  INFO 15364 --- [main] o.s.c.ehcache.EhCacheManagerFactoryBean  : Initializing EhCache CacheManager
2017-03-28 18:02:13.851  WARN 15364 --- [main] net.sf.ehcache.CacheManager              : Creating a new instance of CacheManager using the diskStorePath "C:\Users\wzc\AppData\Local\Temp\" which is already used by an existing CacheManager.
The source of the configuration was net.sf.ehcache.config.generator.ConfigurationSource$InputStreamConfigurationSource@259f0fdb.
The diskStore path for this CacheManager will be set to C:\Users\wzc\AppData\Local\Temp\\ehcache_auto_created_1490695333851.
To avoid this warning consider using the CacheManager factory methods to create a singleton CacheManager or specifying a separate ehcache configuration (ehcache.xml) for each CacheManager instance.
2017-03-28 18:02:14.199  INFO 15364 --- [main] o.s.s.c.ThreadPoolTaskScheduler          : Initializing ExecutorService  'defaultSockJsTaskScheduler'
2017-03-28 18:02:14.443  INFO 15364 --- [main] o.s.w.s.s.s.WebSocketHandlerMapping      : Mapped URL path [/chat] onto handler of type [class org.springframework.web.socket.server.support.WebSocketHttpRequestHandler]
2017-03-28 18:02:18.681  INFO 15364 --- [main] s.w.s.m.m.a.RequestMappingHandlerAdapter : Looking for @ControllerAdvice: org.springframework.boot.context.embedded.AnnotationConfigEmbeddedWebApplicationContext@24569dba: startup date [Tue Mar 28 18:01:28 CST 2017]; root of context hierarchy
2017-03-28 18:02:19.455  INFO 15364 --- [main] s.w.s.m.m.a.RequestMappingHandlerMapping : Mapped "{[/ || /main]}" onto public java.lang.String org.live.common.web.controller.IndexController.main(javax.servlet.http.HttpServletRequest)
2017-03-28 18:02:19.457  INFO 15364 --- [main] s.w.s.m.m.a.RequestMappingHandlerMapping : Mapped "{[/get]}" onto public java.lang.String org.live.common.web.controller.IndexController.getName(javax.servlet.http.HttpSession)
2017-03-28 18:02:19.458  INFO 15364 --- [main] s.w.s.m.m.a.RequestMappingHandlerMapping : Mapped "{[/set]}" onto public java.lang.String org.live.common.web.controller.IndexController.setName()
2017-03-28 18:02:19.458  INFO 15364 --- [main] s.w.s.m.m.a.RequestMappingHandlerMapping : Mapped "{[/login || /index]}" onto public java.lang.String org.live.common.web.controller.IndexController.shiroFilterLogin(javax.servlet.http.HttpServletRequest,org.springframework.ui.Model)
2017-03-28 18:02:19.460  INFO 15364 --- [main] s.w.s.m.m.a.RequestMappingHandlerMapping : Mapped "{[/ajaxlogin]}" onto public org.live.common.response.ResponseModel<java.lang.String> org.live.common.web.controller.IndexController.ajaxlogin(javax.servlet.http.HttpServletRequest,java.lang.String,java.lang.String)
2017-03-28 18:02:19.461  INFO 15364 --- [main] s.w.s.m.m.a.RequestMappingHandlerMapping : Mapped "{[/logout]}" onto public java.lang.String org.live.common.web.controller.IndexController.shiroLogout()
2017-03-28 18:02:19.461  INFO 15364 --- [main] s.w.s.m.m.a.RequestMappingHandlerMapping : Mapped "{[/tologin]}" onto public java.lang.String org.live.common.web.controller.IndexController.tologin()
2017-03-28 18:02:19.471  INFO 15364 --- [main] s.w.s.m.m.a.RequestMappingHandlerMapping : Mapped "{[/dict/dictionary],methods=[PUT]}" onto public org.live.common.response.ResponseModel<java.lang.Object> org.live.dictionary.controller.DictController.update(javax.servlet.http.HttpServletRequest,org.live.dictionary.entity.Dictionary)
2017-03-28 18:02:19.477  INFO 15364 --- [main] s.w.s.m.m.a.RequestMappingHandlerMapping : Mapped "{[/dict/dictionary],methods=[POST]}" onto public org.live.common.response.ResponseModel<java.lang.Object> org.live.dictionary.controller.DictController.save(org.live.dictionary.entity.Dictionary)
2017-03-28 18:02:19.477  INFO 15364 --- [main] s.w.s.m.m.a.RequestMappingHandlerMapping : Mapped "{[/dict/dictionary/cache],methods=[GET]}" onto public org.live.common.response.ResponseModel<java.lang.Object> org.live.dictionary.controller.DictController.refresh()
2017-03-28 18:02:19.483  INFO 15364 --- [main] s.w.s.m.m.a.RequestMappingHandlerMapping : Mapped "{[/dict/dictionary/page],methods=[GET]}" onto public org.springframework.web.servlet.ModelAndView org.live.dictionary.controller.DictController.page(org.springframework.web.servlet.ModelAndView)
2017-03-28 18:02:19.484  INFO 15364 --- [main] s.w.s.m.m.a.RequestMappingHandlerMapping : Mapped "{[/dict/dictionary/{id}],methods=[DELETE]}" onto public org.live.common.response.ResponseModel<java.lang.Object> org.live.dictionary.controller.DictController.del(java.lang.String)
2017-03-28 18:02:19.484  INFO 15364 --- [main] s.w.s.m.m.a.RequestMappingHandlerMapping : Mapped "{[/dict/dictionary/all],methods=[DELETE]}" onto public org.live.common.response.ResponseModel<java.lang.Object> org.live.dictionary.controller.DictController.del(java.lang.String[])
2017-03-28 18:02:19.505  INFO 15364 --- [main] s.w.s.m.m.a.RequestMappingHandlerMapping : Mapped "{[/dict/dictType],methods=[PUT]}" onto public org.live.common.response.ResponseModel<java.lang.Object> org.live.dictionary.controller.DictTypeController.update(javax.servlet.http.HttpServletRequest,org.live.dictionary.entity.DictType)
2017-03-28 18:02:19.506  INFO 15364 --- [main] s.w.s.m.m.a.RequestMappingHandlerMapping : Mapped "{[/dict/dictType],methods=[POST]}" onto public org.live.common.response.ResponseModel<java.lang.Object> org.live.dictionary.controller.DictTypeController.save(org.live.dictionary.entity.DictType)
2017-03-28 18:02:19.507  INFO 15364 --- [main] s.w.s.m.m.a.RequestMappingHandlerMapping : Mapped "{[/dict/dictType/page],methods=[GET]}" onto public org.springframework.web.servlet.ModelAndView org.live.dictionary.controller.DictTypeController.page(org.springframework.web.servlet.ModelAndView)
2017-03-28 18:02:19.507  INFO 15364 --- [main] s.w.s.m.m.a.RequestMappingHandlerMapping : Mapped "{[/dict/dictType/all],methods=[DELETE]}" onto public org.live.common.response.ResponseModel<java.lang.Object> org.live.dictionary.controller.DictTypeController.del(java.lang.String[])
2017-03-28 18:02:19.508  INFO 15364 --- [main] s.w.s.m.m.a.RequestMappingHandlerMapping : Mapped "{[/dict/dictType/{id}],methods=[DELETE]}" onto public org.live.common.response.ResponseModel<java.lang.Object> org.live.dictionary.controller.DictTypeController.del(java.lang.String)
2017-03-28 18:02:19.517  INFO 15364 --- [main] s.w.s.m.m.a.RequestMappingHandlerMapping : Mapped "{[/sys/config/page],methods=[GET]}" onto public java.lang.String org.live.sys.controller.ConfigController.toSysConfigPage(org.springframework.ui.Model)
2017-03-28 18:02:19.517  INFO 15364 --- [main] s.w.s.m.m.a.RequestMappingHandlerMapping : Mapped "{[/sys/config],methods=[POST]}" onto public org.live.common.response.ResponseModel<java.lang.Object> org.live.sys.controller.ConfigController.saveSystemConfig(org.live.sys.vo.SysConfigVo)
2017-03-28 18:02:19.522  INFO 15364 --- [main] s.w.s.m.m.a.RequestMappingHandlerMapping : Mapped "{[/sys/group],methods=[PUT]}" onto public org.live.common.response.ResponseModel<java.lang.Object> org.live.sys.controller.GroupController.updateGroup(org.live.sys.vo.GroupVo)
2017-03-28 18:02:19.527  INFO 15364 --- [main] s.w.s.m.m.a.RequestMappingHandlerMapping : Mapped "{[/sys/group/page],methods=[GET]}" onto public java.lang.String org.live.sys.controller.GroupController.toGroupRolePage(org.springframework.ui.Model)
2017-03-28 18:02:19.527  INFO 15364 --- [main] s.w.s.m.m.a.RequestMappingHandlerMapping : Mapped "{[/sys/group/{groupId}],methods=[DELETE]}" onto public org.live.common.response.ResponseModel<java.lang.Object> org.live.sys.controller.GroupController.deleteGroupById(java.lang.String)
2017-03-28 18:02:19.527  INFO 15364 --- [main] s.w.s.m.m.a.RequestMappingHandlerMapping : Mapped "{[/sys/group/validation/{serialNo}],methods=[GET]}" onto public boolean org.live.sys.controller.GroupController.isExistSerialNo(int)
2017-03-28 18:02:19.528  INFO 15364 --- [main] s.w.s.m.m.a.RequestMappingHandlerMapping : Mapped "{[/sys/group],methods=[POST]}" onto public org.live.common.response.ResponseModel<java.lang.Object> org.live.sys.controller.GroupController.saveGroup(org.live.sys.entity.Group,java.lang.String[])
2017-03-28 18:02:19.528  INFO 15364 --- [main] s.w.s.m.m.a.RequestMappingHandlerMapping : Mapped "{[/sys/group],methods=[GET]}" onto public org.live.common.page.JqGridModel<org.live.sys.vo.FindGroupVo> org.live.sys.controller.GroupController.findGroups(org.live.sys.entity.Group,javax.servlet.http.HttpServletRequest)
2017-03-28 18:02:19.528  INFO 15364 --- [main] s.w.s.m.m.a.RequestMappingHandlerMapping : Mapped "{[/sys/group/getSerialNo],methods=[GET]}" onto public int org.live.sys.controller.GroupController.createSerialNo()
2017-03-28 18:02:19.529  INFO 15364 --- [main] s.w.s.m.m.a.RequestMappingHandlerMapping : Mapped "{[/sys/group/{groupId}],methods=[GET]}" onto public org.live.common.response.ResponseModel<java.lang.Object> org.live.sys.controller.GroupController.findGroupInfoByGroupId(java.lang.String)
2017-03-28 18:02:19.529  INFO 15364 --- [main] s.w.s.m.m.a.RequestMappingHandlerMapping : Mapped "{[/sys/group/{groupId}],methods=[PATCH]}" onto public org.live.common.response.ResponseModel<java.lang.Object> org.live.sys.controller.GroupController.updateGroupisEnable(java.lang.String)
2017-03-28 18:02:19.533  INFO 15364 --- [main] s.w.s.m.m.a.RequestMappingHandlerMapping : Mapped "{[/sys/log/page],methods=[GET]}" onto public java.lang.String org.live.sys.controller.LogController.load(org.springframework.ui.Model)
2017-03-28 18:02:19.538  INFO 15364 --- [main] s.w.s.m.m.a.RequestMappingHandlerMapping : Mapped "{[/sys/log],methods=[PATCH]}" onto public org.live.common.response.ResponseModel<java.lang.Object> org.live.sys.controller.LogController.deleteLogInfo(java.lang.String[])
2017-03-28 18:02:19.538  INFO 15364 --- [main] s.w.s.m.m.a.RequestMappingHandlerMapping : Mapped "{[/sys/log],methods=[GET]}" onto public org.live.common.page.JqGridModel<org.live.sys.entity.Log> org.live.sys.controller.LogController.findLogInfoAll(javax.servlet.http.HttpServletRequest,org.live.sys.vo.LogVo)
2017-03-28 18:02:19.543  INFO 15364 --- [main] s.w.s.m.m.a.RequestMappingHandlerMapping : Mapped "{[/sys/test/{userId}]}" onto public org.live.common.response.ResponseModel<java.lang.Object> org.live.sys.controller.MenuController.test(java.lang.String)
2017-03-28 18:02:19.543  INFO 15364 --- [main] s.w.s.m.m.a.RequestMappingHandlerMapping : Mapped "{[/sys/menu/list],methods=[GET]}" onto public java.lang.String org.live.sys.controller.MenuController.toMenuPageList()
2017-03-28 18:02:19.544  INFO 15364 --- [main] s.w.s.m.m.a.RequestMappingHandlerMapping : Mapped "{[/sys/menu],methods=[GET]}" onto public org.live.common.page.JqGridModel<org.live.sys.entity.Menu> org.live.sys.controller.MenuController.findMenus(javax.servlet.http.HttpServletRequest,org.live.sys.entity.Menu)
2017-03-28 18:02:19.544  INFO 15364 --- [main] s.w.s.m.m.a.RequestMappingHandlerMapping : Mapped "{[/sys/menu/page],methods=[GET]}" onto public java.lang.String org.live.sys.controller.MenuController.toMenuPage()
2017-03-28 18:02:19.544  INFO 15364 --- [main] s.w.s.m.m.a.RequestMappingHandlerMapping : Mapped "{[/sys/roleMenu],methods=[GET]}" onto public java.lang.String org.live.sys.controller.MenuController.toRoleMenuPage(java.lang.String,org.springframework.ui.Model)
2017-03-28 18:02:19.544  INFO 15364 --- [main] s.w.s.m.m.a.RequestMappingHandlerMapping : Mapped "{[/sys/menu/{menuId}],methods=[DELETE]}" onto public org.live.common.response.ResponseModel<java.lang.Object> org.live.sys.controller.MenuController.deleteMenuById(java.lang.String)
2017-03-28 18:02:19.545  INFO 15364 --- [main] s.w.s.m.m.a.RequestMappingHandlerMapping : Mapped "{[/sys/menu],methods=[POST]}" onto public org.live.common.response.ResponseModel<java.lang.Object> org.live.sys.controller.MenuController.saveMenuInfo(org.live.sys.vo.MenuVo)
2017-03-28 18:02:19.545  INFO 15364 --- [main] s.w.s.m.m.a.RequestMappingHandlerMapping : Mapped "{[/sys/menu/{menuId}],methods=[GET]}" onto public org.live.common.response.ResponseModel<java.lang.Object> org.live.sys.controller.MenuController.getMenuInfo(java.lang.String)
2017-03-28 18:02:19.545  INFO 15364 --- [main] s.w.s.m.m.a.RequestMappingHandlerMapping : Mapped "{[/sys/menu],methods=[PUT]}" onto public org.live.common.response.ResponseModel<java.lang.Object> org.live.sys.controller.MenuController.updateMenuInfo(org.live.sys.vo.MenuVo)
2017-03-28 18:02:19.546  INFO 15364 --- [main] s.w.s.m.m.a.RequestMappingHandlerMapping : Mapped "{[/sys/ztree/role/{roleId}],methods=[POST]}" onto public org.live.common.response.ResponseModel<java.lang.Object> org.live.sys.controller.MenuController.saveMenuRoleRel(java.lang.String,java.lang.String[])
2017-03-28 18:02:19.548  INFO 15364 --- [main] s.w.s.m.m.a.RequestMappingHandlerMapping : Mapped "{[/sys/menu/treeview/{parentId}],methods=[GET]}" onto public org.live.common.response.ResponseModel<java.lang.Object> org.live.sys.controller.MenuController.loadMenuNodForTreeviewByParentId(java.lang.String)
2017-03-28 18:02:19.549  INFO 15364 --- [main] s.w.s.m.m.a.RequestMappingHandlerMapping : Mapped "{[/sys/ztree],methods=[GET]}" onto public org.live.common.response.ResponseModel<java.lang.Object> org.live.sys.controller.MenuController.findMenuTree4ztree()
2017-03-28 18:02:19.549  INFO 15364 --- [main] s.w.s.m.m.a.RequestMappingHandlerMapping : Mapped "{[/sys/ztree/role/{roleId}],methods=[GET]}" onto public org.live.common.response.ResponseModel<java.lang.Object> org.live.sys.controller.MenuController.findMenuTree4ztreeByRoleId(java.lang.String)
2017-03-28 18:02:19.549  INFO 15364 --- [main] s.w.s.m.m.a.RequestMappingHandlerMapping : Mapped "{[/sys/menu/{menuId}],methods=[PATCH]}" onto public org.live.common.response.ResponseModel<java.lang.Object> org.live.sys.controller.MenuController.updateMenuisEnable(java.lang.String)
2017-03-28 18:02:19.552  INFO 15364 --- [main] s.w.s.m.m.a.RequestMappingHandlerMapping : Mapped "{[/sys/role/validation/{serialNo}],methods=[GET]}" onto public boolean org.live.sys.controller.RoleController.isExistSerialNo(int)
2017-03-28 18:02:19.553  INFO 15364 --- [main] s.w.s.m.m.a.RequestMappingHandlerMapping : Mapped "{[/sys/role/getSerialNo],methods=[GET]}" onto public int org.live.sys.controller.RoleController.createSerialNo()
2017-03-28 18:02:19.553  INFO 15364 --- [main] s.w.s.m.m.a.RequestMappingHandlerMapping : Mapped "{[/sys/role/page],methods=[GET]}" onto public java.lang.String org.live.sys.controller.RoleController.toRolePage(org.springframework.ui.Model)
2017-03-28 18:02:19.553  INFO 15364 --- [main] s.w.s.m.m.a.RequestMappingHandlerMapping : Mapped "{[/sys/role/{roleId}],methods=[GET]}" onto public org.live.common.response.ResponseModel<java.lang.Object> org.live.sys.controller.RoleController.findRole(java.lang.String)
2017-03-28 18:02:19.553  INFO 15364 --- [main] s.w.s.m.m.a.RequestMappingHandlerMapping : Mapped "{[/sys/role],methods=[PUT]}" onto public org.live.common.response.ResponseModel<java.lang.Object> org.live.sys.controller.RoleController.updateRole(org.live.sys.entity.Role)
2017-03-28 18:02:19.554  INFO 15364 --- [main] s.w.s.m.m.a.RequestMappingHandlerMapping : Mapped "{[/sys/role/{roleId}],methods=[DELETE]}" onto public org.live.common.response.ResponseModel<java.lang.Object> org.live.sys.controller.RoleController.deleteRoleById(java.lang.String)
2017-03-28 18:02:19.554  INFO 15364 --- [main] s.w.s.m.m.a.RequestMappingHandlerMapping : Mapped "{[/sys/role],methods=[POST]}" onto public org.live.common.response.ResponseModel<java.lang.Object> org.live.sys.controller.RoleController.saveRole(org.live.sys.entity.Role)
2017-03-28 18:02:19.554  INFO 15364 --- [main] s.w.s.m.m.a.RequestMappingHandlerMapping : Mapped "{[/sys/role],methods=[GET]}" onto public org.live.common.page.JqGridModel<org.live.sys.entity.Role> org.live.sys.controller.RoleController.findRoles(javax.servlet.http.HttpServletRequest,org.live.sys.entity.Role)
2017-03-28 18:02:19.561  INFO 15364 --- [main] s.w.s.m.m.a.RequestMappingHandlerMapping : Mapped "{[/sys/role/{roleId}],methods=[PATCH]}" onto public org.live.common.response.ResponseModel<java.lang.Object> org.live.sys.controller.RoleController.updateRoleisEnable(java.lang.String)
2017-03-28 18:02:19.565  INFO 15364 --- [main] s.w.s.m.m.a.RequestMappingHandlerMapping : Mapped "{[/sys/user/page],methods=[GET]}" onto public java.lang.String org.live.sys.controller.UserController.toUserPage(org.springframework.ui.Model)
2017-03-28 18:02:19.566  INFO 15364 --- [main] s.w.s.m.m.a.RequestMappingHandlerMapping : Mapped "{[/sys/user],methods=[POST]}" onto public org.live.common.response.ResponseModel<java.lang.String> org.live.sys.controller.UserController.saveUser(org.live.sys.vo.UserVo,java.lang.String)
2017-03-28 18:02:19.566  INFO 15364 --- [main] s.w.s.m.m.a.RequestMappingHandlerMapping : Mapped "{[/sys/user/{userId}],methods=[GET]}" onto public org.live.common.response.ResponseModel<java.lang.Object> org.live.sys.controller.UserController.findUserById(java.lang.String)
2017-03-28 18:02:19.566  INFO 15364 --- [main] s.w.s.m.m.a.RequestMappingHandlerMapping : Mapped "{[/sys/user],methods=[GET]}" onto public org.live.common.page.JqGridModel<org.live.sys.vo.UserVo> org.live.sys.controller.UserController.findUsers(javax.servlet.http.HttpServletRequest,org.live.sys.vo.UserVo)
2017-03-28 18:02:19.566  INFO 15364 --- [main] s.w.s.m.m.a.RequestMappingHandlerMapping : Mapped "{[/sys/user/deletePage],methods=[GET]}" onto public java.lang.String org.live.sys.controller.UserController.toDeleteUserPage(org.springframework.ui.Model)
2017-03-28 18:02:19.567  INFO 15364 --- [main] s.w.s.m.m.a.RequestMappingHandlerMapping : Mapped "{[/sys/user/deletionUser],methods=[GET]}" onto public org.live.common.page.JqGridModel<org.live.sys.vo.UserVo> org.live.sys.controller.UserController.findUserIsDelete(javax.servlet.http.HttpServletRequest,org.live.sys.vo.UserVo)
2017-03-28 18:02:19.567  INFO 15364 --- [main] s.w.s.m.m.a.RequestMappingHandlerMapping : Mapped "{[/sys/user/validation/{username}],methods=[GET]}" onto public boolean org.live.sys.controller.UserController.isExistUser(java.lang.String)
2017-03-28 18:02:19.567  INFO 15364 --- [main] s.w.s.m.m.a.RequestMappingHandlerMapping : Mapped "{[/sys/user],methods=[PUT]}" onto public org.live.common.response.ResponseModel<java.lang.Object> org.live.sys.controller.UserController.updateUser(org.live.sys.vo.UserVo)
2017-03-28 18:02:19.567  INFO 15364 --- [main] s.w.s.m.m.a.RequestMappingHandlerMapping : Mapped "{[/sys/user/password/{userId}],methods=[PATCH]}" onto public org.live.common.response.ResponseModel<java.lang.Object> org.live.sys.controller.UserController.resetPassword(java.lang.String)
2017-03-28 18:02:19.568  INFO 15364 --- [main] s.w.s.m.m.a.RequestMappingHandlerMapping : Mapped "{[/sys/user/{userId}],methods=[DELETE]}" onto public org.live.common.response.ResponseModel<java.lang.Object> org.live.sys.controller.UserController.deleteUser(java.lang.String)
2017-03-28 18:02:19.568  INFO 15364 --- [main] s.w.s.m.m.a.RequestMappingHandlerMapping : Mapped "{[/sys/user/lock/{userId}],methods=[PATCH]}" onto public org.live.common.response.ResponseModel<java.lang.Object> org.live.sys.controller.UserController.changeUserLock(java.lang.String)
2017-03-28 18:02:19.568  INFO 15364 --- [main] s.w.s.m.m.a.RequestMappingHandlerMapping : Mapped "{[/sys/user],methods=[PATCH]}" onto public org.live.common.response.ResponseModel<java.lang.Object> org.live.sys.controller.UserController.updateUser4isDelete(java.lang.String[])
2017-03-28 18:02:19.572  INFO 15364 --- [main] s.w.s.m.m.a.RequestMappingHandlerMapping : Mapped "{[/error]}" onto public org.springframework.http.ResponseEntity<java.util.Map<java.lang.String, java.lang.Object>> org.springframework.boot.autoconfigure.web.BasicErrorController.error(javax.servlet.http.HttpServletRequest)
2017-03-28 18:02:19.573  INFO 15364 --- [main] s.w.s.m.m.a.RequestMappingHandlerMapping : Mapped "{[/error],produces=[text/html]}" onto public org.springframework.web.servlet.ModelAndView org.springframework.boot.autoconfigure.web.BasicErrorController.errorHtml(javax.servlet.http.HttpServletRequest,javax.servlet.http.HttpServletResponse)
2017-03-28 18:02:20.136  INFO 15364 --- [main] o.s.w.s.handler.SimpleUrlHandlerMapping  : Mapped URL path [/webjars/**] onto handler of type [class org.springframework.web.servlet.resource.ResourceHttpRequestHandler]
2017-03-28 18:02:20.137  INFO 15364 --- [main] o.s.w.s.handler.SimpleUrlHandlerMapping  : Mapped URL path [/static/**] onto handler of type [class org.springframework.web.servlet.resource.ResourceHttpRequestHandler]
2017-03-28 18:02:20.764  INFO 15364 --- [main] o.s.w.s.handler.SimpleUrlHandlerMapping  : Mapped URL path [/**/favicon.ico] onto handler of type [class org.springframework.web.servlet.resource.ResourceHttpRequestHandler]
2017-03-28 18:02:21.326  WARN 15364 --- [main] org.thymeleaf.templatemode.TemplateMode  : [THYMELEAF][main] Template Mode 'HTML5' is deprecated. Using Template Mode 'HTML' instead.
2017-03-28 18:02:26.162  INFO 15364 --- [main] o.s.b.a.e.mvc.EndpointHandlerMapping     : Mapped "{[/mappings || /mappings.json],methods=[GET],produces=[application/vnd.spring-boot.actuator.v1+json || application/json]}" onto public java.lang.Object org.springframework.boot.actuate.endpoint.mvc.EndpointMvcAdapter.invoke()
2017-03-28 18:02:26.163  INFO 15364 --- [main] o.s.b.a.e.mvc.EndpointHandlerMapping     : Mapped "{[/autoconfig || /autoconfig.json],methods=[GET],produces=[application/vnd.spring-boot.actuator.v1+json || application/json]}" onto public java.lang.Object org.springframework.boot.actuate.endpoint.mvc.EndpointMvcAdapter.invoke()
2017-03-28 18:02:26.166  INFO 15364 --- [main] o.s.b.a.e.mvc.EndpointHandlerMapping     : Mapped "{[/beans || /beans.json],methods=[GET],produces=[application/vnd.spring-boot.actuator.v1+json || application/json]}" onto public java.lang.Object org.springframework.boot.actuate.endpoint.mvc.EndpointMvcAdapter.invoke()
2017-03-28 18:02:26.167  INFO 15364 --- [main] o.s.b.a.e.mvc.EndpointHandlerMapping     : Mapped "{[/configprops || /configprops.json],methods=[GET],produces=[application/vnd.spring-boot.actuator.v1+json || application/json]}" onto public java.lang.Object org.springframework.boot.actuate.endpoint.mvc.EndpointMvcAdapter.invoke()
2017-03-28 18:02:26.256  INFO 15364 --- [main] o.s.b.a.e.mvc.EndpointHandlerMapping     : Mapped "{[/loggers/{name:.*}],methods=[GET],produces=[application/vnd.spring-boot.actuator.v1+json || application/json]}" onto public java.lang.Object org.springframework.boot.actuate.endpoint.mvc.LoggersMvcEndpoint.get(java.lang.String)
2017-03-28 18:02:26.257  INFO 15364 --- [main] o.s.b.a.e.mvc.EndpointHandlerMapping     : Mapped "{[/loggers/{name:.*}],methods=[POST],consumes=[application/vnd.spring-boot.actuator.v1+json || application/json],produces=[application/vnd.spring-boot.actuator.v1+json || application/json]}" onto public java.lang.Object org.springframework.boot.actuate.endpoint.mvc.LoggersMvcEndpoint.set(java.lang.String,java.util.Map<java.lang.String, java.lang.String>)
2017-03-28 18:02:26.257  INFO 15364 --- [main] o.s.b.a.e.mvc.EndpointHandlerMapping     : Mapped "{[/loggers || /loggers.json],methods=[GET],produces=[application/vnd.spring-boot.actuator.v1+json || application/json]}" onto public java.lang.Object org.springframework.boot.actuate.endpoint.mvc.EndpointMvcAdapter.invoke()
2017-03-28 18:02:26.258  INFO 15364 --- [main] o.s.b.a.e.mvc.EndpointHandlerMapping     : Mapped "{[/info || /info.json],methods=[GET],produces=[application/vnd.spring-boot.actuator.v1+json || application/json]}" onto public java.lang.Object org.springframework.boot.actuate.endpoint.mvc.EndpointMvcAdapter.invoke()
2017-03-28 18:02:26.260  INFO 15364 --- [main] o.s.b.a.e.mvc.EndpointHandlerMapping     : Mapped "{[/dump || /dump.json],methods=[GET],produces=[application/vnd.spring-boot.actuator.v1+json || application/json]}" onto public java.lang.Object org.springframework.boot.actuate.endpoint.mvc.EndpointMvcAdapter.invoke()
2017-03-28 18:02:26.276  INFO 15364 --- [main] o.s.b.a.e.mvc.EndpointHandlerMapping     : Mapped "{[/heapdump || /heapdump.json],methods=[GET],produces=[application/octet-stream]}" onto public void org.springframework.boot.actuate.endpoint.mvc.HeapdumpMvcEndpoint.invoke(boolean,javax.servlet.http.HttpServletRequest,javax.servlet.http.HttpServletResponse) throws java.io.IOException,javax.servlet.ServletException
2017-03-28 18:02:27.188  INFO 15364 --- [main] o.s.b.a.e.mvc.EndpointHandlerMapping     : Mapped "{[/metrics/{name:.*}],methods=[GET],produces=[application/vnd.spring-boot.actuator.v1+json || application/json]}" onto public java.lang.Object org.springframework.boot.actuate.endpoint.mvc.MetricsMvcEndpoint.value(java.lang.String)
2017-03-28 18:02:27.189  INFO 15364 --- [main] o.s.b.a.e.mvc.EndpointHandlerMapping     : Mapped "{[/metrics || /metrics.json],methods=[GET],produces=[application/vnd.spring-boot.actuator.v1+json || application/json]}" onto public java.lang.Object org.springframework.boot.actuate.endpoint.mvc.EndpointMvcAdapter.invoke()
2017-03-28 18:02:27.190  INFO 15364 --- [main] o.s.b.a.e.mvc.EndpointHandlerMapping     : Mapped "{[/health || /health.json],methods=[GET],produces=[application/vnd.spring-boot.actuator.v1+json || application/json]}" onto public java.lang.Object org.springframework.boot.actuate.endpoint.mvc.HealthMvcEndpoint.invoke(javax.servlet.http.HttpServletRequest,java.security.Principal)
2017-03-28 18:02:27.192  INFO 15364 --- [main] o.s.b.a.e.mvc.EndpointHandlerMapping     : Mapped "{[/auditevents || /auditevents.json],methods=[GET],produces=[application/vnd.spring-boot.actuator.v1+json || application/json]}" onto public org.springframework.http.ResponseEntity<?> org.springframework.boot.actuate.endpoint.mvc.AuditEventsMvcEndpoint.findByPrincipalAndAfterAndType(java.lang.String,java.util.Date,java.lang.String)
2017-03-28 18:02:27.194  INFO 15364 --- [main] o.s.b.a.e.mvc.EndpointHandlerMapping     : Mapped "{[/env/{name:.*}],methods=[GET],produces=[application/vnd.spring-boot.actuator.v1+json || application/json]}" onto public java.lang.Object org.springframework.boot.actuate.endpoint.mvc.EnvironmentMvcEndpoint.value(java.lang.String)
2017-03-28 18:02:27.194  INFO 15364 --- [main] o.s.b.a.e.mvc.EndpointHandlerMapping     : Mapped "{[/env || /env.json],methods=[GET],produces=[application/vnd.spring-boot.actuator.v1+json || application/json]}" onto public java.lang.Object org.springframework.boot.actuate.endpoint.mvc.EndpointMvcAdapter.invoke()
2017-03-28 18:02:27.196  INFO 15364 --- [main] o.s.b.a.e.mvc.EndpointHandlerMapping     : Mapped "{[/logfile || /logfile.json],methods=[GET || HEAD]}" onto public void org.springframework.boot.actuate.endpoint.mvc.LogFileMvcEndpoint.invoke(javax.servlet.http.HttpServletRequest,javax.servlet.http.HttpServletResponse) throws javax.servlet.ServletException,java.io.IOException
2017-03-28 18:02:27.197  INFO 15364 --- [main] o.s.b.a.e.mvc.EndpointHandlerMapping     : Mapped "{[/trace || /trace.json],methods=[GET],produces=[application/vnd.spring-boot.actuator.v1+json || application/json]}" onto public java.lang.Object org.springframework.boot.actuate.endpoint.mvc.EndpointMvcAdapter.invoke()
2017-03-28 18:02:30.306  INFO 15364 --- [main] o.s.j.e.a.AnnotationMBeanExporter        : Registering beans for JMX exposure on startup
2017-03-28 18:02:30.311  INFO 15364 --- [main] o.s.j.e.a.AnnotationMBeanExporter        : Bean with name 'druidDataSource' has been autodetected for JMX exposure
2017-03-28 18:02:30.348  INFO 15364 --- [main] o.s.j.e.a.AnnotationMBeanExporter        : Located MBean 'druidDataSource': registering with JMX server as MBean [com.alibaba.druid.pool:name=druidDataSource,type=DruidDataSource]
2017-03-28 18:02:30.362  INFO 15364 --- [main] o.s.c.support.DefaultLifecycleProcessor  : Starting beans in phase 0
2017-03-28 18:02:30.710  INFO 15364 --- [main] o.s.c.support.DefaultLifecycleProcessor  : Starting beans in phase 2147483647
2017-03-28 18:02:30.763  INFO 15364 --- [main] org.live.config.ShiroSpecialConfig       : springContext启动成功，并已成功监听
2017-03-28 18:02:30.772  INFO 15364 --- [main] org.live.config.ShiroSpecialConfig       : spring容器中未找到shiro的sessionListener
2017-03-28 18:02:30.772  INFO 15364 --- [main] org.live.config.ShiroSpecialConfig       : sessionManager的SessionValidationScheduler已经设置完成
2017-03-28 18:02:30.780  INFO 15364 --- [main] org.live.config.ShiroSpecialConfig       : SessionValidationScheduler的sessionManager已经设置完成
2017-03-28 18:02:31.090  INFO 15364 --- [main] org.live.sys.init.SysInitData            : 已经存在root菜单
2017-03-28 18:02:31.232  INFO 15364 --- [main] s.b.c.e.t.TomcatEmbeddedServletContainer : Tomcat started on port(s): 80 (http)
2017-03-28 18:02:31.244  INFO 15364 --- [main] org.live.LiveServerApplication           : Started LiveServerApplication in 65.273 seconds (JVM running for 66.947)
2017-03-28 18:03:23.284  INFO 15364 --- [http-nio-80-exec-1] o.a.c.c.C.[Tomcat].[localhost].[/]       : Initializing Spring FrameworkServlet 'dispatcherServlet'
2017-03-28 18:03:23.285  INFO 15364 --- [http-nio-80-exec-1] o.s.web.servlet.DispatcherServlet        : FrameworkServlet 'dispatcherServlet': initialization started
2017-03-28 18:03:23.426  INFO 15364 --- [http-nio-80-exec-1] o.s.web.servlet.DispatcherServlet        : FrameworkServlet 'dispatcherServlet': initialization completed in 141 ms
2017-03-28 18:03:23.513  INFO 15364 --- [http-nio-80-exec-1] a.s.s.m.AbstractValidatingSessionManager : Enabling session validation scheduler...
2017-03-28 18:03:23.642  INFO 15364 --- [http-nio-80-exec-1] org.quartz.simpl.SimpleThreadPool        : Job execution threads will use class loader of thread: http-nio-80-exec-1
2017-03-28 18:03:23.686  INFO 15364 --- [http-nio-80-exec-1] org.quartz.core.SchedulerSignalerImpl    : Initialized Scheduler Signaller of type: class org.quartz.core.SchedulerSignalerImpl
2017-03-28 18:03:23.687  INFO 15364 --- [http-nio-80-exec-1] org.quartz.core.QuartzScheduler          : Quartz Scheduler v.1.6.1 created.
2017-03-28 18:03:23.689  INFO 15364 --- [http-nio-80-exec-1] org.quartz.simpl.RAMJobStore             : RAMJobStore initialized.
2017-03-28 18:03:23.690  INFO 15364 --- [http-nio-80-exec-1] org.quartz.impl.StdSchedulerFactory      : Quartz scheduler 'DefaultQuartzScheduler' initialized from default resource file in Quartz package: 'quartz.properties'
2017-03-28 18:03:23.690  INFO 15364 --- [http-nio-80-exec-1] org.quartz.impl.StdSchedulerFactory      : Quartz scheduler version: 1.6.1
2017-03-28 18:03:23.696  INFO 15364 --- [http-nio-80-exec-1] org.quartz.core.QuartzScheduler          : Scheduler DefaultQuartzScheduler_$_NON_CLUSTERED started.
2017-03-28 18:03:23.711  INFO 15364 --- [DefaultQuartzScheduler_Worker-1] a.s.s.m.AbstractValidatingSessionManager : Validating all active sessions...
2017-03-28 18:03:23.711  INFO 15364 --- [DefaultQuartzScheduler_Worker-1] o.a.shiro.cache.ehcache.EhCacheManager   : Using existing EHCache named [shiro-activeSessionCache]
2017-03-28 18:03:23.719  INFO 15364 --- [DefaultQuartzScheduler_Worker-1] a.s.s.m.AbstractValidatingSessionManager : Finished session validation.  No sessions were stopped.
2017-03-28 18:04:04.829  WARN 15364 --- [http-nio-80-exec-4] o.s.web.servlet.PageNotFound             : No mapping found for HTTP request with URI [/projectDir/logs/spring.log] in DispatcherServlet with name 'dispatcherServlet'
2017-03-28 18:05:02.657  WARN 15364 --- [http-nio-80-exec-10] o.s.web.servlet.PageNotFound             : No mapping found for HTTP request with URI [/projectDir/] in DispatcherServlet with name 'dispatcherServlet'
